  main.cpp
C:\Users\alexi\OneDrive\Documentos\ESPE\4to y 5to\Gráfica\Código\Videojuego_OpenGL_Depurado\Videojuego_OpenGL_Depurado\main.cpp(31,21): warning C4305: 'inicializando': truncamiento de 'double' a 'GLfloat'
C:\Users\alexi\OneDrive\Documentos\ESPE\4to y 5to\Gráfica\Código\Videojuego_OpenGL_Depurado\Videojuego_OpenGL_Depurado\main.cpp(31,26): warning C4305: 'inicializando': truncamiento de 'double' a 'GLfloat'
C:\Users\alexi\OneDrive\Documentos\ESPE\4to y 5to\Gráfica\Código\Videojuego_OpenGL_Depurado\Videojuego_OpenGL_Depurado\main.cpp(31,31): warning C4305: 'inicializando': truncamiento de 'double' a 'GLfloat'
C:\Users\alexi\OneDrive\Documentos\ESPE\4to y 5to\Gráfica\Código\Videojuego_OpenGL_Depurado\Videojuego_OpenGL_Depurado\main.cpp(42,22): warning C4305: 'inicializando': truncamiento de 'double' a 'float'
C:\Users\alexi\OneDrive\Documentos\ESPE\4to y 5to\Gráfica\Código\Videojuego_OpenGL_Depurado\Videojuego_OpenGL_Depurado\main.cpp(46,33): warning C4305: 'inicializando': truncamiento de 'double' a 'GLfloat'
C:\Users\alexi\OneDrive\Documentos\ESPE\4to y 5to\Gráfica\Código\Videojuego_OpenGL_Depurado\Videojuego_OpenGL_Depurado\main.cpp(48,39): warning C4305: 'inicializando': truncamiento de 'double' a 'GLfloat'
C:\Users\alexi\OneDrive\Documentos\ESPE\4to y 5to\Gráfica\Código\Videojuego_OpenGL_Depurado\Videojuego_OpenGL_Depurado\main.cpp(73,20): warning C4305: 'inicializando': truncamiento de 'double' a 'float'
C:\Users\alexi\OneDrive\Documentos\ESPE\4to y 5to\Gráfica\Código\Videojuego_OpenGL_Depurado\Videojuego_OpenGL_Depurado\main.cpp(76,19): warning C4305: 'inicializando': truncamiento de 'double' a 'float'
C:\Users\alexi\OneDrive\Documentos\ESPE\4to y 5to\Gráfica\Código\Videojuego_OpenGL_Depurado\Videojuego_OpenGL_Depurado\main.cpp(78,28): warning C4305: 'inicializando': truncamiento de 'double' a 'float'
C:\Users\alexi\OneDrive\Documentos\ESPE\4to y 5to\Gráfica\Código\Videojuego_OpenGL_Depurado\Videojuego_OpenGL_Depurado\main.cpp(79,28): warning C4305: 'inicializando': truncamiento de 'double' a 'float'
C:\Users\alexi\OneDrive\Documentos\ESPE\4to y 5to\Gráfica\Código\Videojuego_OpenGL_Depurado\Videojuego_OpenGL_Depurado\main.cpp(452,34): warning C4305: 'inicializando': truncamiento de 'double' a 'GLfloat'
C:\Users\alexi\OneDrive\Documentos\ESPE\4to y 5to\Gráfica\Código\Videojuego_OpenGL_Depurado\Videojuego_OpenGL_Depurado\main.cpp(452,39): warning C4305: 'inicializando': truncamiento de 'double' a 'GLfloat'
C:\Users\alexi\OneDrive\Documentos\ESPE\4to y 5to\Gráfica\Código\Videojuego_OpenGL_Depurado\Videojuego_OpenGL_Depurado\main.cpp(452,44): warning C4305: 'inicializando': truncamiento de 'double' a 'GLfloat'
C:\Users\alexi\OneDrive\Documentos\ESPE\4to y 5to\Gráfica\Código\Videojuego_OpenGL_Depurado\Videojuego_OpenGL_Depurado\main.cpp(460,28): warning C4305: 'argumento': truncamiento de 'double' a 'GLfloat'
C:\Users\alexi\OneDrive\Documentos\ESPE\4to y 5to\Gráfica\Código\Videojuego_OpenGL_Depurado\Videojuego_OpenGL_Depurado\main.cpp(460,18): warning C4305: 'argumento': truncamiento de 'double' a 'GLfloat'
C:\Users\alexi\OneDrive\Documentos\ESPE\4to y 5to\Gráfica\Código\Videojuego_OpenGL_Depurado\Videojuego_OpenGL_Depurado\main.cpp(467,56): warning C4267: 'argumento': conversión de 'size_t' a 'GLsizei'; posible pérdida de datos
C:\Users\alexi\OneDrive\Documentos\ESPE\4to y 5to\Gráfica\Código\Videojuego_OpenGL_Depurado\Videojuego_OpenGL_Depurado\main.cpp(488,55): warning C4267: 'argumento': conversión de 'size_t' a 'GLsizei'; posible pérdida de datos
C:\Users\alexi\OneDrive\Documentos\ESPE\4to y 5to\Gráfica\Código\Videojuego_OpenGL_Depurado\Videojuego_OpenGL_Depurado\main.cpp(797,40): warning C4305: 'inicializando': truncamiento de 'double' a 'GLfloat'
C:\Users\alexi\OneDrive\Documentos\ESPE\4to y 5to\Gráfica\Código\Videojuego_OpenGL_Depurado\Videojuego_OpenGL_Depurado\main.cpp(797,50): warning C4305: 'inicializando': truncamiento de 'double' a 'GLfloat'
C:\Users\alexi\OneDrive\Documentos\ESPE\4to y 5to\Gráfica\Código\Videojuego_OpenGL_Depurado\Videojuego_OpenGL_Depurado\main.cpp(799,33): warning C4305: 'argumento': truncamiento de 'double' a 'GLfloat'
C:\Users\alexi\OneDrive\Documentos\ESPE\4to y 5to\Gráfica\Código\Videojuego_OpenGL_Depurado\Videojuego_OpenGL_Depurado\main.cpp(799,23): warning C4305: 'argumento': truncamiento de 'double' a 'GLfloat'
C:\Users\alexi\OneDrive\Documentos\ESPE\4to y 5to\Gráfica\Código\Videojuego_OpenGL_Depurado\Videojuego_OpenGL_Depurado\main.cpp(800,36): warning C4305: 'argumento': truncamiento de 'double' a 'GLfloat'
C:\Users\alexi\OneDrive\Documentos\ESPE\4to y 5to\Gráfica\Código\Videojuego_OpenGL_Depurado\Videojuego_OpenGL_Depurado\main.cpp(819,23): warning C4244: 'inicializando': conversión de 'int' a 'float'; posible pérdida de datos
C:\Users\alexi\OneDrive\Documentos\ESPE\4to y 5to\Gráfica\Código\Videojuego_OpenGL_Depurado\Videojuego_OpenGL_Depurado\main.cpp(820,24): warning C4244: 'inicializando': conversión de 'int' a 'float'; posible pérdida de datos
C:\Users\alexi\OneDrive\Documentos\ESPE\4to y 5to\Gráfica\Código\Videojuego_OpenGL_Depurado\Videojuego_OpenGL_Depurado\main.cpp(889,36): warning C4305: 'inicializando': truncamiento de 'double' a 'GLfloat'
C:\Users\alexi\OneDrive\Documentos\ESPE\4to y 5to\Gráfica\Código\Videojuego_OpenGL_Depurado\Videojuego_OpenGL_Depurado\main.cpp(889,42): warning C4305: 'inicializando': truncamiento de 'double' a 'GLfloat'
C:\Users\alexi\OneDrive\Documentos\ESPE\4to y 5to\Gráfica\Código\Videojuego_OpenGL_Depurado\Videojuego_OpenGL_Depurado\main.cpp(889,48): warning C4305: 'inicializando': truncamiento de 'double' a 'GLfloat'
C:\Users\alexi\OneDrive\Documentos\ESPE\4to y 5to\Gráfica\Código\Videojuego_OpenGL_Depurado\Videojuego_OpenGL_Depurado\main.cpp(914,23): warning C4305: 'argumento': truncamiento de 'double' a 'GLfloat'
C:\Users\alexi\OneDrive\Documentos\ESPE\4to y 5to\Gráfica\Código\Videojuego_OpenGL_Depurado\Videojuego_OpenGL_Depurado\main.cpp(1010,36): warning C4305: 'inicializando': truncamiento de 'double' a 'GLfloat'
C:\Users\alexi\OneDrive\Documentos\ESPE\4to y 5to\Gráfica\Código\Videojuego_OpenGL_Depurado\Videojuego_OpenGL_Depurado\main.cpp(1010,41): warning C4305: 'inicializando': truncamiento de 'double' a 'GLfloat'
C:\Users\alexi\OneDrive\Documentos\ESPE\4to y 5to\Gráfica\Código\Videojuego_OpenGL_Depurado\Videojuego_OpenGL_Depurado\main.cpp(1010,46): warning C4305: 'inicializando': truncamiento de 'double' a 'GLfloat'
C:\Users\alexi\OneDrive\Documentos\ESPE\4to y 5to\Gráfica\Código\Videojuego_OpenGL_Depurado\Videojuego_OpenGL_Depurado\main.cpp(1015,28): warning C4305: 'argumento': truncamiento de 'double' a 'GLfloat'
C:\Users\alexi\OneDrive\Documentos\ESPE\4to y 5to\Gráfica\Código\Videojuego_OpenGL_Depurado\Videojuego_OpenGL_Depurado\main.cpp(1015,23): warning C4305: 'argumento': truncamiento de 'double' a 'GLfloat'
C:\Users\alexi\OneDrive\Documentos\ESPE\4to y 5to\Gráfica\Código\Videojuego_OpenGL_Depurado\Videojuego_OpenGL_Depurado\main.cpp(1021,28): warning C4305: 'argumento': truncamiento de 'double' a 'GLfloat'
C:\Users\alexi\OneDrive\Documentos\ESPE\4to y 5to\Gráfica\Código\Videojuego_OpenGL_Depurado\Videojuego_OpenGL_Depurado\main.cpp(1021,23): warning C4305: 'argumento': truncamiento de 'double' a 'GLfloat'
C:\Users\alexi\OneDrive\Documentos\ESPE\4to y 5to\Gráfica\Código\Videojuego_OpenGL_Depurado\Videojuego_OpenGL_Depurado\main.cpp(1027,28): warning C4305: 'argumento': truncamiento de 'double' a 'GLfloat'
C:\Users\alexi\OneDrive\Documentos\ESPE\4to y 5to\Gráfica\Código\Videojuego_OpenGL_Depurado\Videojuego_OpenGL_Depurado\main.cpp(1027,23): warning C4305: 'argumento': truncamiento de 'double' a 'GLfloat'
C:\Users\alexi\OneDrive\Documentos\ESPE\4to y 5to\Gráfica\Código\Videojuego_OpenGL_Depurado\Videojuego_OpenGL_Depurado\main.cpp(1033,28): warning C4305: 'argumento': truncamiento de 'double' a 'GLfloat'
C:\Users\alexi\OneDrive\Documentos\ESPE\4to y 5to\Gráfica\Código\Videojuego_OpenGL_Depurado\Videojuego_OpenGL_Depurado\main.cpp(1033,23): warning C4305: 'argumento': truncamiento de 'double' a 'GLfloat'
C:\Users\alexi\OneDrive\Documentos\ESPE\4to y 5to\Gráfica\Código\Videojuego_OpenGL_Depurado\Videojuego_OpenGL_Depurado\main.cpp(1039,23): warning C4305: 'argumento': truncamiento de 'double' a 'GLfloat'
C:\Users\alexi\OneDrive\Documentos\ESPE\4to y 5to\Gráfica\Código\Videojuego_OpenGL_Depurado\Videojuego_OpenGL_Depurado\main.cpp(1039,18): warning C4305: 'argumento': truncamiento de 'double' a 'GLfloat'
C:\Users\alexi\OneDrive\Documentos\ESPE\4to y 5to\Gráfica\Código\Videojuego_OpenGL_Depurado\Videojuego_OpenGL_Depurado\main.cpp(1045,23): warning C4305: 'argumento': truncamiento de 'double' a 'GLfloat'
C:\Users\alexi\OneDrive\Documentos\ESPE\4to y 5to\Gráfica\Código\Videojuego_OpenGL_Depurado\Videojuego_OpenGL_Depurado\main.cpp(1045,18): warning C4305: 'argumento': truncamiento de 'double' a 'GLfloat'
C:\Users\alexi\OneDrive\Documentos\ESPE\4to y 5to\Gráfica\Código\Videojuego_OpenGL_Depurado\Videojuego_OpenGL_Depurado\main.cpp(1051,23): warning C4305: 'argumento': truncamiento de 'double' a 'GLfloat'
C:\Users\alexi\OneDrive\Documentos\ESPE\4to y 5to\Gráfica\Código\Videojuego_OpenGL_Depurado\Videojuego_OpenGL_Depurado\main.cpp(1051,18): warning C4305: 'argumento': truncamiento de 'double' a 'GLfloat'
C:\Users\alexi\OneDrive\Documentos\ESPE\4to y 5to\Gráfica\Código\Videojuego_OpenGL_Depurado\Videojuego_OpenGL_Depurado\main.cpp(1057,23): warning C4305: 'argumento': truncamiento de 'double' a 'GLfloat'
C:\Users\alexi\OneDrive\Documentos\ESPE\4to y 5to\Gráfica\Código\Videojuego_OpenGL_Depurado\Videojuego_OpenGL_Depurado\main.cpp(1057,18): warning C4305: 'argumento': truncamiento de 'double' a 'GLfloat'
C:\Users\alexi\OneDrive\Documentos\ESPE\4to y 5to\Gráfica\Código\Videojuego_OpenGL_Depurado\Videojuego_OpenGL_Depurado\main.cpp(1064,18): warning C4305: 'argumento': truncamiento de 'double' a 'GLfloat'
C:\Users\alexi\OneDrive\Documentos\ESPE\4to y 5to\Gráfica\Código\Videojuego_OpenGL_Depurado\Videojuego_OpenGL_Depurado\main.cpp(1070,18): warning C4305: 'argumento': truncamiento de 'double' a 'GLfloat'
C:\Users\alexi\OneDrive\Documentos\ESPE\4to y 5to\Gráfica\Código\Videojuego_OpenGL_Depurado\Videojuego_OpenGL_Depurado\main.cpp(1077,18): warning C4305: 'argumento': truncamiento de 'double' a 'GLfloat'
C:\Users\alexi\OneDrive\Documentos\ESPE\4to y 5to\Gráfica\Código\Videojuego_OpenGL_Depurado\Videojuego_OpenGL_Depurado\main.cpp(1084,18): warning C4305: 'argumento': truncamiento de 'double' a 'GLfloat'
C:\Users\alexi\OneDrive\Documentos\ESPE\4to y 5to\Gráfica\Código\Videojuego_OpenGL_Depurado\Videojuego_OpenGL_Depurado\main.cpp(1124,29): warning C4305: 'argumento': truncamiento de 'double' a 'GLfloat'
C:\Users\alexi\OneDrive\Documentos\ESPE\4to y 5to\Gráfica\Código\Videojuego_OpenGL_Depurado\Videojuego_OpenGL_Depurado\main.cpp(1124,18): warning C4305: 'argumento': truncamiento de 'double' a 'GLfloat'
C:\Users\alexi\OneDrive\Documentos\ESPE\4to y 5to\Gráfica\Código\Videojuego_OpenGL_Depurado\Videojuego_OpenGL_Depurado\main.cpp(1130,22): warning C4305: 'argumento': truncamiento de 'double' a 'GLfloat'
C:\Users\alexi\OneDrive\Documentos\ESPE\4to y 5to\Gráfica\Código\Videojuego_OpenGL_Depurado\Videojuego_OpenGL_Depurado\main.cpp(1132,29): warning C4305: 'argumento': truncamiento de 'double' a 'GLfloat'
C:\Users\alexi\OneDrive\Documentos\ESPE\4to y 5to\Gráfica\Código\Videojuego_OpenGL_Depurado\Videojuego_OpenGL_Depurado\main.cpp(1132,24): warning C4305: 'argumento': truncamiento de 'double' a 'GLfloat'
C:\Users\alexi\OneDrive\Documentos\ESPE\4to y 5to\Gráfica\Código\Videojuego_OpenGL_Depurado\Videojuego_OpenGL_Depurado\main.cpp(1167,29): warning C4305: 'argumento': truncamiento de 'double' a 'GLfloat'
C:\Users\alexi\OneDrive\Documentos\ESPE\4to y 5to\Gráfica\Código\Videojuego_OpenGL_Depurado\Videojuego_OpenGL_Depurado\main.cpp(1167,18): warning C4305: 'argumento': truncamiento de 'double' a 'GLfloat'
C:\Users\alexi\OneDrive\Documentos\ESPE\4to y 5to\Gráfica\Código\Videojuego_OpenGL_Depurado\Videojuego_OpenGL_Depurado\main.cpp(1174,29): warning C4305: 'argumento': truncamiento de 'double' a 'GLfloat'
C:\Users\alexi\OneDrive\Documentos\ESPE\4to y 5to\Gráfica\Código\Videojuego_OpenGL_Depurado\Videojuego_OpenGL_Depurado\main.cpp(1174,24): warning C4305: 'argumento': truncamiento de 'double' a 'GLfloat'
C:\Users\alexi\OneDrive\Documentos\ESPE\4to y 5to\Gráfica\Código\Videojuego_OpenGL_Depurado\Videojuego_OpenGL_Depurado\main.cpp(1202,38): warning C4305: 'inicializando': truncamiento de 'double' a 'GLfloat'
C:\Users\alexi\OneDrive\Documentos\ESPE\4to y 5to\Gráfica\Código\Videojuego_OpenGL_Depurado\Videojuego_OpenGL_Depurado\main.cpp(1202,44): warning C4305: 'inicializando': truncamiento de 'double' a 'GLfloat'
C:\Users\alexi\OneDrive\Documentos\ESPE\4to y 5to\Gráfica\Código\Videojuego_OpenGL_Depurado\Videojuego_OpenGL_Depurado\main.cpp(1202,49): warning C4305: 'inicializando': truncamiento de 'double' a 'GLfloat'
C:\Users\alexi\OneDrive\Documentos\ESPE\4to y 5to\Gráfica\Código\Videojuego_OpenGL_Depurado\Videojuego_OpenGL_Depurado\main.cpp(1204,30): warning C4305: 'argumento': truncamiento de 'double' a 'GLfloat'
C:\Users\alexi\OneDrive\Documentos\ESPE\4to y 5to\Gráfica\Código\Videojuego_OpenGL_Depurado\Videojuego_OpenGL_Depurado\main.cpp(1204,25): warning C4305: 'argumento': truncamiento de 'double' a 'GLfloat'
C:\Users\alexi\OneDrive\Documentos\ESPE\4to y 5to\Gráfica\Código\Videojuego_OpenGL_Depurado\Videojuego_OpenGL_Depurado\main.cpp(1204,19): warning C4305: 'argumento': truncamiento de 'double' a 'GLfloat'
C:\Users\alexi\OneDrive\Documentos\ESPE\4to y 5to\Gráfica\Código\Videojuego_OpenGL_Depurado\Videojuego_OpenGL_Depurado\main.cpp(1210,28): warning C4305: 'argumento': truncamiento de 'double' a 'GLfloat'
C:\Users\alexi\OneDrive\Documentos\ESPE\4to y 5to\Gráfica\Código\Videojuego_OpenGL_Depurado\Videojuego_OpenGL_Depurado\main.cpp(1210,18): warning C4305: 'argumento': truncamiento de 'double' a 'GLfloat'
C:\Users\alexi\OneDrive\Documentos\ESPE\4to y 5to\Gráfica\Código\Videojuego_OpenGL_Depurado\Videojuego_OpenGL_Depurado\main.cpp(1218,28): warning C4305: 'argumento': truncamiento de 'double' a 'GLfloat'
C:\Users\alexi\OneDrive\Documentos\ESPE\4to y 5to\Gráfica\Código\Videojuego_OpenGL_Depurado\Videojuego_OpenGL_Depurado\main.cpp(1218,23): warning C4305: 'argumento': truncamiento de 'double' a 'GLfloat'
C:\Users\alexi\OneDrive\Documentos\ESPE\4to y 5to\Gráfica\Código\Videojuego_OpenGL_Depurado\Videojuego_OpenGL_Depurado\main.cpp(1225,29): warning C4305: 'argumento': truncamiento de 'double' a 'GLfloat'
C:\Users\alexi\OneDrive\Documentos\ESPE\4to y 5to\Gráfica\Código\Videojuego_OpenGL_Depurado\Videojuego_OpenGL_Depurado\main.cpp(1225,18): warning C4305: 'argumento': truncamiento de 'double' a 'GLfloat'
C:\Users\alexi\OneDrive\Documentos\ESPE\4to y 5to\Gráfica\Código\Videojuego_OpenGL_Depurado\Videojuego_OpenGL_Depurado\main.cpp(1232,29): warning C4305: 'argumento': truncamiento de 'double' a 'GLfloat'
C:\Users\alexi\OneDrive\Documentos\ESPE\4to y 5to\Gráfica\Código\Videojuego_OpenGL_Depurado\Videojuego_OpenGL_Depurado\main.cpp(1232,18): warning C4305: 'argumento': truncamiento de 'double' a 'GLfloat'
C:\Users\alexi\OneDrive\Documentos\ESPE\4to y 5to\Gráfica\Código\Videojuego_OpenGL_Depurado\Videojuego_OpenGL_Depurado\main.cpp(1251,34): warning C4305: 'inicializando': truncamiento de 'double' a 'GLfloat'
C:\Users\alexi\OneDrive\Documentos\ESPE\4to y 5to\Gráfica\Código\Videojuego_OpenGL_Depurado\Videojuego_OpenGL_Depurado\main.cpp(1251,39): warning C4305: 'inicializando': truncamiento de 'double' a 'GLfloat'
C:\Users\alexi\OneDrive\Documentos\ESPE\4to y 5to\Gráfica\Código\Videojuego_OpenGL_Depurado\Videojuego_OpenGL_Depurado\main.cpp(1251,44): warning C4305: 'inicializando': truncamiento de 'double' a 'GLfloat'
C:\Users\alexi\OneDrive\Documentos\ESPE\4to y 5to\Gráfica\Código\Videojuego_OpenGL_Depurado\Videojuego_OpenGL_Depurado\main.cpp(1314,30): warning C4305: 'inicializando': truncamiento de 'double' a 'GLfloat'
C:\Users\alexi\OneDrive\Documentos\ESPE\4to y 5to\Gráfica\Código\Videojuego_OpenGL_Depurado\Videojuego_OpenGL_Depurado\main.cpp(1314,35): warning C4305: 'inicializando': truncamiento de 'double' a 'GLfloat'
C:\Users\alexi\OneDrive\Documentos\ESPE\4to y 5to\Gráfica\Código\Videojuego_OpenGL_Depurado\Videojuego_OpenGL_Depurado\main.cpp(1314,40): warning C4305: 'inicializando': truncamiento de 'double' a 'GLfloat'
C:\Users\alexi\OneDrive\Documentos\ESPE\4to y 5to\Gráfica\Código\Videojuego_OpenGL_Depurado\Videojuego_OpenGL_Depurado\main.cpp(1317,25): warning C4305: 'argumento': truncamiento de 'double' a 'GLfloat'
C:\Users\alexi\OneDrive\Documentos\ESPE\4to y 5to\Gráfica\Código\Videojuego_OpenGL_Depurado\Videojuego_OpenGL_Depurado\main.cpp(1317,20): warning C4305: 'argumento': truncamiento de 'double' a 'GLfloat'
C:\Users\alexi\OneDrive\Documentos\ESPE\4to y 5to\Gráfica\Código\Videojuego_OpenGL_Depurado\Videojuego_OpenGL_Depurado\main.cpp(1317,15): warning C4305: 'argumento': truncamiento de 'double' a 'GLfloat'
C:\Users\alexi\OneDrive\Documentos\ESPE\4to y 5to\Gráfica\Código\Videojuego_OpenGL_Depurado\Videojuego_OpenGL_Depurado\main.cpp(1324,37): warning C4305: 'inicializando': truncamiento de 'double' a 'GLfloat'
C:\Users\alexi\OneDrive\Documentos\ESPE\4to y 5to\Gráfica\Código\Videojuego_OpenGL_Depurado\Videojuego_OpenGL_Depurado\main.cpp(1327,20): warning C4305: 'argumento': truncamiento de 'double' a 'GLfloat'
C:\Users\alexi\OneDrive\Documentos\ESPE\4to y 5to\Gráfica\Código\Videojuego_OpenGL_Depurado\Videojuego_OpenGL_Depurado\main.cpp(1329,25): warning C4305: 'argumento': truncamiento de 'double' a 'GLfloat'
C:\Users\alexi\OneDrive\Documentos\ESPE\4to y 5to\Gráfica\Código\Videojuego_OpenGL_Depurado\Videojuego_OpenGL_Depurado\main.cpp(1329,14): warning C4305: 'argumento': truncamiento de 'double' a 'GLfloat'
C:\Users\alexi\OneDrive\Documentos\ESPE\4to y 5to\Gráfica\Código\Videojuego_OpenGL_Depurado\Videojuego_OpenGL_Depurado\main.cpp(1333,38): warning C4305: 'inicializando': truncamiento de 'double' a 'GLfloat'
C:\Users\alexi\OneDrive\Documentos\ESPE\4to y 5to\Gráfica\Código\Videojuego_OpenGL_Depurado\Videojuego_OpenGL_Depurado\main.cpp(1336,20): warning C4305: 'argumento': truncamiento de 'double' a 'GLfloat'
C:\Users\alexi\OneDrive\Documentos\ESPE\4to y 5to\Gráfica\Código\Videojuego_OpenGL_Depurado\Videojuego_OpenGL_Depurado\main.cpp(1337,21): warning C4305: 'argumento': truncamiento de 'double' a 'GLfloat'
C:\Users\alexi\OneDrive\Documentos\ESPE\4to y 5to\Gráfica\Código\Videojuego_OpenGL_Depurado\Videojuego_OpenGL_Depurado\main.cpp(1338,25): warning C4305: 'argumento': truncamiento de 'double' a 'GLfloat'
C:\Users\alexi\OneDrive\Documentos\ESPE\4to y 5to\Gráfica\Código\Videojuego_OpenGL_Depurado\Videojuego_OpenGL_Depurado\main.cpp(1338,14): warning C4305: 'argumento': truncamiento de 'double' a 'GLfloat'
C:\Users\alexi\OneDrive\Documentos\ESPE\4to y 5to\Gráfica\Código\Videojuego_OpenGL_Depurado\Videojuego_OpenGL_Depurado\main.cpp(1342,38): warning C4305: 'inicializando': truncamiento de 'double' a 'GLfloat'
C:\Users\alexi\OneDrive\Documentos\ESPE\4to y 5to\Gráfica\Código\Videojuego_OpenGL_Depurado\Videojuego_OpenGL_Depurado\main.cpp(1345,20): warning C4305: 'argumento': truncamiento de 'double' a 'GLfloat'
C:\Users\alexi\OneDrive\Documentos\ESPE\4to y 5to\Gráfica\Código\Videojuego_OpenGL_Depurado\Videojuego_OpenGL_Depurado\main.cpp(1346,21): warning C4305: 'argumento': truncamiento de 'double' a 'GLfloat'
C:\Users\alexi\OneDrive\Documentos\ESPE\4to y 5to\Gráfica\Código\Videojuego_OpenGL_Depurado\Videojuego_OpenGL_Depurado\main.cpp(1347,24): warning C4305: 'argumento': truncamiento de 'double' a 'GLfloat'
C:\Users\alexi\OneDrive\Documentos\ESPE\4to y 5to\Gráfica\Código\Videojuego_OpenGL_Depurado\Videojuego_OpenGL_Depurado\main.cpp(1382,31): warning C4305: 'inicializando': truncamiento de 'double' a 'GLfloat'
C:\Users\alexi\OneDrive\Documentos\ESPE\4to y 5to\Gráfica\Código\Videojuego_OpenGL_Depurado\Videojuego_OpenGL_Depurado\main.cpp(1382,36): warning C4305: 'inicializando': truncamiento de 'double' a 'GLfloat'
C:\Users\alexi\OneDrive\Documentos\ESPE\4to y 5to\Gráfica\Código\Videojuego_OpenGL_Depurado\Videojuego_OpenGL_Depurado\main.cpp(1382,41): warning C4305: 'inicializando': truncamiento de 'double' a 'GLfloat'
C:\Users\alexi\OneDrive\Documentos\ESPE\4to y 5to\Gráfica\Código\Videojuego_OpenGL_Depurado\Videojuego_OpenGL_Depurado\main.cpp(1385,25): warning C4305: 'argumento': truncamiento de 'double' a 'GLfloat'
C:\Users\alexi\OneDrive\Documentos\ESPE\4to y 5to\Gráfica\Código\Videojuego_OpenGL_Depurado\Videojuego_OpenGL_Depurado\main.cpp(1385,20): warning C4305: 'argumento': truncamiento de 'double' a 'GLfloat'
C:\Users\alexi\OneDrive\Documentos\ESPE\4to y 5to\Gráfica\Código\Videojuego_OpenGL_Depurado\Videojuego_OpenGL_Depurado\main.cpp(1385,15): warning C4305: 'argumento': truncamiento de 'double' a 'GLfloat'
C:\Users\alexi\OneDrive\Documentos\ESPE\4to y 5to\Gráfica\Código\Videojuego_OpenGL_Depurado\Videojuego_OpenGL_Depurado\main.cpp(1387,24): warning C4305: 'argumento': truncamiento de 'double' a 'GLfloat'
C:\Users\alexi\OneDrive\Documentos\ESPE\4to y 5to\Gráfica\Código\Videojuego_OpenGL_Depurado\Videojuego_OpenGL_Depurado\main.cpp(1387,14): warning C4305: 'argumento': truncamiento de 'double' a 'GLfloat'
C:\Users\alexi\OneDrive\Documentos\ESPE\4to y 5to\Gráfica\Código\Videojuego_OpenGL_Depurado\Videojuego_OpenGL_Depurado\main.cpp(1392,25): warning C4305: 'argumento': truncamiento de 'double' a 'GLfloat'
C:\Users\alexi\OneDrive\Documentos\ESPE\4to y 5to\Gráfica\Código\Videojuego_OpenGL_Depurado\Videojuego_OpenGL_Depurado\main.cpp(1392,20): warning C4305: 'argumento': truncamiento de 'double' a 'GLfloat'
C:\Users\alexi\OneDrive\Documentos\ESPE\4to y 5to\Gráfica\Código\Videojuego_OpenGL_Depurado\Videojuego_OpenGL_Depurado\main.cpp(1392,15): warning C4305: 'argumento': truncamiento de 'double' a 'GLfloat'
C:\Users\alexi\OneDrive\Documentos\ESPE\4to y 5to\Gráfica\Código\Videojuego_OpenGL_Depurado\Videojuego_OpenGL_Depurado\main.cpp(1393,21): warning C4305: 'argumento': truncamiento de 'double' a 'GLfloat'
C:\Users\alexi\OneDrive\Documentos\ESPE\4to y 5to\Gráfica\Código\Videojuego_OpenGL_Depurado\Videojuego_OpenGL_Depurado\main.cpp(1394,20): warning C4305: 'argumento': truncamiento de 'double' a 'GLfloat'
C:\Users\alexi\OneDrive\Documentos\ESPE\4to y 5to\Gráfica\Código\Videojuego_OpenGL_Depurado\Videojuego_OpenGL_Depurado\main.cpp(1437,21): warning C4305: 'argumento': truncamiento de 'double' a 'GLfloat'
C:\Users\alexi\OneDrive\Documentos\ESPE\4to y 5to\Gráfica\Código\Videojuego_OpenGL_Depurado\Videojuego_OpenGL_Depurado\main.cpp(1441,30): warning C4305: 'inicializando': truncamiento de 'double' a 'GLfloat'
C:\Users\alexi\OneDrive\Documentos\ESPE\4to y 5to\Gráfica\Código\Videojuego_OpenGL_Depurado\Videojuego_OpenGL_Depurado\main.cpp(1441,35): warning C4305: 'inicializando': truncamiento de 'double' a 'GLfloat'
C:\Users\alexi\OneDrive\Documentos\ESPE\4to y 5to\Gráfica\Código\Videojuego_OpenGL_Depurado\Videojuego_OpenGL_Depurado\main.cpp(1441,40): warning C4305: 'inicializando': truncamiento de 'double' a 'GLfloat'
C:\Users\alexi\OneDrive\Documentos\ESPE\4to y 5to\Gráfica\Código\Videojuego_OpenGL_Depurado\Videojuego_OpenGL_Depurado\main.cpp(1450,25): warning C4305: 'argumento': truncamiento de 'double' a 'GLfloat'
C:\Users\alexi\OneDrive\Documentos\ESPE\4to y 5to\Gráfica\Código\Videojuego_OpenGL_Depurado\Videojuego_OpenGL_Depurado\main.cpp(1457,36): warning C4305: 'inicializando': truncamiento de 'double' a 'GLfloat'
C:\Users\alexi\OneDrive\Documentos\ESPE\4to y 5to\Gráfica\Código\Videojuego_OpenGL_Depurado\Videojuego_OpenGL_Depurado\main.cpp(1457,41): warning C4305: 'inicializando': truncamiento de 'double' a 'GLfloat'
C:\Users\alexi\OneDrive\Documentos\ESPE\4to y 5to\Gráfica\Código\Videojuego_OpenGL_Depurado\Videojuego_OpenGL_Depurado\main.cpp(1457,46): warning C4305: 'inicializando': truncamiento de 'double' a 'GLfloat'
C:\Users\alexi\OneDrive\Documentos\ESPE\4to y 5to\Gráfica\Código\Videojuego_OpenGL_Depurado\Videojuego_OpenGL_Depurado\main.cpp(1460,24): warning C4305: 'argumento': truncamiento de 'double' a 'GLfloat'
C:\Users\alexi\OneDrive\Documentos\ESPE\4to y 5to\Gráfica\Código\Videojuego_OpenGL_Depurado\Videojuego_OpenGL_Depurado\main.cpp(1460,18): warning C4305: 'argumento': truncamiento de 'double' a 'GLfloat'
C:\Users\alexi\OneDrive\Documentos\ESPE\4to y 5to\Gráfica\Código\Videojuego_OpenGL_Depurado\Videojuego_OpenGL_Depurado\main.cpp(1461,19): warning C4305: 'argumento': truncamiento de 'double' a 'GLfloat'
C:\Users\alexi\OneDrive\Documentos\ESPE\4to y 5to\Gráfica\Código\Videojuego_OpenGL_Depurado\Videojuego_OpenGL_Depurado\main.cpp(1461,14): warning C4305: 'argumento': truncamiento de 'double' a 'GLfloat'
C:\Users\alexi\OneDrive\Documentos\ESPE\4to y 5to\Gráfica\Código\Videojuego_OpenGL_Depurado\Videojuego_OpenGL_Depurado\main.cpp(1466,25): warning C4305: 'argumento': truncamiento de 'double' a 'GLfloat'
C:\Users\alexi\OneDrive\Documentos\ESPE\4to y 5to\Gráfica\Código\Videojuego_OpenGL_Depurado\Videojuego_OpenGL_Depurado\main.cpp(1466,19): warning C4305: 'argumento': truncamiento de 'double' a 'GLfloat'
C:\Users\alexi\OneDrive\Documentos\ESPE\4to y 5to\Gráfica\Código\Videojuego_OpenGL_Depurado\Videojuego_OpenGL_Depurado\main.cpp(1467,24): warning C4305: 'argumento': truncamiento de 'double' a 'GLfloat'
C:\Users\alexi\OneDrive\Documentos\ESPE\4to y 5to\Gráfica\Código\Videojuego_OpenGL_Depurado\Videojuego_OpenGL_Depurado\main.cpp(1467,19): warning C4305: 'argumento': truncamiento de 'double' a 'GLfloat'
C:\Users\alexi\OneDrive\Documentos\ESPE\4to y 5to\Gráfica\Código\Videojuego_OpenGL_Depurado\Videojuego_OpenGL_Depurado\main.cpp(1467,14): warning C4305: 'argumento': truncamiento de 'double' a 'GLfloat'
C:\Users\alexi\OneDrive\Documentos\ESPE\4to y 5to\Gráfica\Código\Videojuego_OpenGL_Depurado\Videojuego_OpenGL_Depurado\main.cpp(1472,25): warning C4305: 'argumento': truncamiento de 'double' a 'GLfloat'
C:\Users\alexi\OneDrive\Documentos\ESPE\4to y 5to\Gráfica\Código\Videojuego_OpenGL_Depurado\Videojuego_OpenGL_Depurado\main.cpp(1472,20): warning C4305: 'argumento': truncamiento de 'double' a 'GLfloat'
C:\Users\alexi\OneDrive\Documentos\ESPE\4to y 5to\Gráfica\Código\Videojuego_OpenGL_Depurado\Videojuego_OpenGL_Depurado\main.cpp(1472,15): warning C4305: 'argumento': truncamiento de 'double' a 'GLfloat'
C:\Users\alexi\OneDrive\Documentos\ESPE\4to y 5to\Gráfica\Código\Videojuego_OpenGL_Depurado\Videojuego_OpenGL_Depurado\main.cpp(1474,31): warning C4305: 'argumento': truncamiento de 'double' a 'GLfloat'
C:\Users\alexi\OneDrive\Documentos\ESPE\4to y 5to\Gráfica\Código\Videojuego_OpenGL_Depurado\Videojuego_OpenGL_Depurado\main.cpp(1474,25): warning C4305: 'argumento': truncamiento de 'double' a 'GLfloat'
C:\Users\alexi\OneDrive\Documentos\ESPE\4to y 5to\Gráfica\Código\Videojuego_OpenGL_Depurado\Videojuego_OpenGL_Depurado\main.cpp(1475,24): warning C4305: 'argumento': truncamiento de 'double' a 'GLfloat'
C:\Users\alexi\OneDrive\Documentos\ESPE\4to y 5to\Gráfica\Código\Videojuego_OpenGL_Depurado\Videojuego_OpenGL_Depurado\main.cpp(1475,19): warning C4305: 'argumento': truncamiento de 'double' a 'GLfloat'
C:\Users\alexi\OneDrive\Documentos\ESPE\4to y 5to\Gráfica\Código\Videojuego_OpenGL_Depurado\Videojuego_OpenGL_Depurado\main.cpp(1480,32): warning C4305: 'argumento': truncamiento de 'double' a 'GLfloat'
C:\Users\alexi\OneDrive\Documentos\ESPE\4to y 5to\Gráfica\Código\Videojuego_OpenGL_Depurado\Videojuego_OpenGL_Depurado\main.cpp(1480,25): warning C4305: 'argumento': truncamiento de 'double' a 'GLfloat'
C:\Users\alexi\OneDrive\Documentos\ESPE\4to y 5to\Gráfica\Código\Videojuego_OpenGL_Depurado\Videojuego_OpenGL_Depurado\main.cpp(1481,24): warning C4305: 'argumento': truncamiento de 'double' a 'GLfloat'
C:\Users\alexi\OneDrive\Documentos\ESPE\4to y 5to\Gráfica\Código\Videojuego_OpenGL_Depurado\Videojuego_OpenGL_Depurado\main.cpp(1481,19): warning C4305: 'argumento': truncamiento de 'double' a 'GLfloat'
C:\Users\alexi\OneDrive\Documentos\ESPE\4to y 5to\Gráfica\Código\Videojuego_OpenGL_Depurado\Videojuego_OpenGL_Depurado\main.cpp(1486,31): warning C4305: 'inicializando': truncamiento de 'double' a 'GLfloat'
C:\Users\alexi\OneDrive\Documentos\ESPE\4to y 5to\Gráfica\Código\Videojuego_OpenGL_Depurado\Videojuego_OpenGL_Depurado\main.cpp(1486,36): warning C4305: 'inicializando': truncamiento de 'double' a 'GLfloat'
C:\Users\alexi\OneDrive\Documentos\ESPE\4to y 5to\Gráfica\Código\Videojuego_OpenGL_Depurado\Videojuego_OpenGL_Depurado\main.cpp(1486,41): warning C4305: 'inicializando': truncamiento de 'double' a 'GLfloat'
C:\Users\alexi\OneDrive\Documentos\ESPE\4to y 5to\Gráfica\Código\Videojuego_OpenGL_Depurado\Videojuego_OpenGL_Depurado\main.cpp(1489,19): warning C4305: 'argumento': truncamiento de 'double' a 'GLfloat'
C:\Users\alexi\OneDrive\Documentos\ESPE\4to y 5to\Gráfica\Código\Videojuego_OpenGL_Depurado\Videojuego_OpenGL_Depurado\main.cpp(1494,18): warning C4305: 'argumento': truncamiento de 'double' a 'GLfloat'
C:\Users\alexi\OneDrive\Documentos\ESPE\4to y 5to\Gráfica\Código\Videojuego_OpenGL_Depurado\Videojuego_OpenGL_Depurado\main.cpp(1499,19): warning C4305: 'argumento': truncamiento de 'double' a 'GLfloat'
C:\Users\alexi\OneDrive\Documentos\ESPE\4to y 5to\Gráfica\Código\Videojuego_OpenGL_Depurado\Videojuego_OpenGL_Depurado\main.cpp(1504,18): warning C4305: 'argumento': truncamiento de 'double' a 'GLfloat'
C:\Users\alexi\OneDrive\Documentos\ESPE\4to y 5to\Gráfica\Código\Videojuego_OpenGL_Depurado\Videojuego_OpenGL_Depurado\main.cpp(1534,30): warning C4305: 'inicializando': truncamiento de 'double' a 'GLfloat'
C:\Users\alexi\OneDrive\Documentos\ESPE\4to y 5to\Gráfica\Código\Videojuego_OpenGL_Depurado\Videojuego_OpenGL_Depurado\main.cpp(1534,36): warning C4305: 'inicializando': truncamiento de 'double' a 'GLfloat'
C:\Users\alexi\OneDrive\Documentos\ESPE\4to y 5to\Gráfica\Código\Videojuego_OpenGL_Depurado\Videojuego_OpenGL_Depurado\main.cpp(1534,41): warning C4305: 'inicializando': truncamiento de 'double' a 'GLfloat'
C:\Users\alexi\OneDrive\Documentos\ESPE\4to y 5to\Gráfica\Código\Videojuego_OpenGL_Depurado\Videojuego_OpenGL_Depurado\main.cpp(1696,48): warning C4305: 'argumento': truncamiento de 'double' a 'GLfloat'
C:\Users\alexi\OneDrive\Documentos\ESPE\4to y 5to\Gráfica\Código\Videojuego_OpenGL_Depurado\Videojuego_OpenGL_Depurado\main.cpp(1697,48): warning C4305: 'argumento': truncamiento de 'double' a 'GLfloat'
C:\Users\alexi\OneDrive\Documentos\ESPE\4to y 5to\Gráfica\Código\Videojuego_OpenGL_Depurado\Videojuego_OpenGL_Depurado\main.cpp(1698,49): warning C4305: 'argumento': truncamiento de 'double' a 'GLfloat'
C:\Users\alexi\OneDrive\Documentos\ESPE\4to y 5to\Gráfica\Código\Videojuego_OpenGL_Depurado\Videojuego_OpenGL_Depurado\main.cpp(1699,49): warning C4305: 'argumento': truncamiento de 'double' a 'GLfloat'
C:\Users\alexi\OneDrive\Documentos\ESPE\4to y 5to\Gráfica\Código\Videojuego_OpenGL_Depurado\Videojuego_OpenGL_Depurado\main.cpp(1722,40): warning C4305: 'inicializando': truncamiento de 'double' a 'GLfloat'
C:\Users\alexi\OneDrive\Documentos\ESPE\4to y 5to\Gráfica\Código\Videojuego_OpenGL_Depurado\Videojuego_OpenGL_Depurado\main.cpp(1722,45): warning C4305: 'inicializando': truncamiento de 'double' a 'GLfloat'
C:\Users\alexi\OneDrive\Documentos\ESPE\4to y 5to\Gráfica\Código\Videojuego_OpenGL_Depurado\Videojuego_OpenGL_Depurado\main.cpp(1722,50): warning C4305: 'inicializando': truncamiento de 'double' a 'GLfloat'
C:\Users\alexi\OneDrive\Documentos\ESPE\4to y 5to\Gráfica\Código\Videojuego_OpenGL_Depurado\Videojuego_OpenGL_Depurado\main.cpp(1724,25): warning C4305: 'argumento': truncamiento de 'double' a 'GLfloat'
C:\Users\alexi\OneDrive\Documentos\ESPE\4to y 5to\Gráfica\Código\Videojuego_OpenGL_Depurado\Videojuego_OpenGL_Depurado\main.cpp(1724,20): warning C4305: 'argumento': truncamiento de 'double' a 'GLfloat'
C:\Users\alexi\OneDrive\Documentos\ESPE\4to y 5to\Gráfica\Código\Videojuego_OpenGL_Depurado\Videojuego_OpenGL_Depurado\main.cpp(1724,15): warning C4305: 'argumento': truncamiento de 'double' a 'GLfloat'
C:\Users\alexi\OneDrive\Documentos\ESPE\4to y 5to\Gráfica\Código\Videojuego_OpenGL_Depurado\Videojuego_OpenGL_Depurado\main.cpp(1728,31): warning C4305: 'inicializando': truncamiento de 'double' a 'GLfloat'
C:\Users\alexi\OneDrive\Documentos\ESPE\4to y 5to\Gráfica\Código\Videojuego_OpenGL_Depurado\Videojuego_OpenGL_Depurado\main.cpp(1728,36): warning C4305: 'inicializando': truncamiento de 'double' a 'GLfloat'
C:\Users\alexi\OneDrive\Documentos\ESPE\4to y 5to\Gráfica\Código\Videojuego_OpenGL_Depurado\Videojuego_OpenGL_Depurado\main.cpp(1728,41): warning C4305: 'inicializando': truncamiento de 'double' a 'GLfloat'
C:\Users\alexi\OneDrive\Documentos\ESPE\4to y 5to\Gráfica\Código\Videojuego_OpenGL_Depurado\Videojuego_OpenGL_Depurado\main.cpp(1730,25): warning C4305: 'argumento': truncamiento de 'double' a 'GLfloat'
C:\Users\alexi\OneDrive\Documentos\ESPE\4to y 5to\Gráfica\Código\Videojuego_OpenGL_Depurado\Videojuego_OpenGL_Depurado\main.cpp(1730,20): warning C4305: 'argumento': truncamiento de 'double' a 'GLfloat'
C:\Users\alexi\OneDrive\Documentos\ESPE\4to y 5to\Gráfica\Código\Videojuego_OpenGL_Depurado\Videojuego_OpenGL_Depurado\main.cpp(1730,15): warning C4305: 'argumento': truncamiento de 'double' a 'GLfloat'
C:\Users\alexi\OneDrive\Documentos\ESPE\4to y 5to\Gráfica\Código\Videojuego_OpenGL_Depurado\Videojuego_OpenGL_Depurado\main.cpp(1731,34): warning C4305: 'argumento': truncamiento de 'double' a 'float'
C:\Users\alexi\OneDrive\Documentos\ESPE\4to y 5to\Gráfica\Código\Videojuego_OpenGL_Depurado\Videojuego_OpenGL_Depurado\main.cpp(1732,34): warning C4305: 'argumento': truncamiento de 'double' a 'float'
C:\Users\alexi\OneDrive\Documentos\ESPE\4to y 5to\Gráfica\Código\Videojuego_OpenGL_Depurado\Videojuego_OpenGL_Depurado\main.cpp(1761,32): warning C4305: 'inicializando': truncamiento de 'double' a 'GLfloat'
C:\Users\alexi\OneDrive\Documentos\ESPE\4to y 5to\Gráfica\Código\Videojuego_OpenGL_Depurado\Videojuego_OpenGL_Depurado\main.cpp(1761,38): warning C4305: 'inicializando': truncamiento de 'double' a 'GLfloat'
C:\Users\alexi\OneDrive\Documentos\ESPE\4to y 5to\Gráfica\Código\Videojuego_OpenGL_Depurado\Videojuego_OpenGL_Depurado\main.cpp(1761,44): warning C4305: 'inicializando': truncamiento de 'double' a 'GLfloat'
C:\Users\alexi\OneDrive\Documentos\ESPE\4to y 5to\Gráfica\Código\Videojuego_OpenGL_Depurado\Videojuego_OpenGL_Depurado\main.cpp(1785,19): warning C4305: 'argumento': truncamiento de 'double' a 'GLfloat'
C:\Users\alexi\OneDrive\Documentos\ESPE\4to y 5to\Gráfica\Código\Videojuego_OpenGL_Depurado\Videojuego_OpenGL_Depurado\main.cpp(1881,32): warning C4305: 'inicializando': truncamiento de 'double' a 'GLfloat'
C:\Users\alexi\OneDrive\Documentos\ESPE\4to y 5to\Gráfica\Código\Videojuego_OpenGL_Depurado\Videojuego_OpenGL_Depurado\main.cpp(1881,37): warning C4305: 'inicializando': truncamiento de 'double' a 'GLfloat'
C:\Users\alexi\OneDrive\Documentos\ESPE\4to y 5to\Gráfica\Código\Videojuego_OpenGL_Depurado\Videojuego_OpenGL_Depurado\main.cpp(1881,42): warning C4305: 'inicializando': truncamiento de 'double' a 'GLfloat'
C:\Users\alexi\OneDrive\Documentos\ESPE\4to y 5to\Gráfica\Código\Videojuego_OpenGL_Depurado\Videojuego_OpenGL_Depurado\main.cpp(1886,24): warning C4305: 'argumento': truncamiento de 'double' a 'GLfloat'
C:\Users\alexi\OneDrive\Documentos\ESPE\4to y 5to\Gráfica\Código\Videojuego_OpenGL_Depurado\Videojuego_OpenGL_Depurado\main.cpp(1886,19): warning C4305: 'argumento': truncamiento de 'double' a 'GLfloat'
C:\Users\alexi\OneDrive\Documentos\ESPE\4to y 5to\Gráfica\Código\Videojuego_OpenGL_Depurado\Videojuego_OpenGL_Depurado\main.cpp(1892,24): warning C4305: 'argumento': truncamiento de 'double' a 'GLfloat'
C:\Users\alexi\OneDrive\Documentos\ESPE\4to y 5to\Gráfica\Código\Videojuego_OpenGL_Depurado\Videojuego_OpenGL_Depurado\main.cpp(1892,19): warning C4305: 'argumento': truncamiento de 'double' a 'GLfloat'
C:\Users\alexi\OneDrive\Documentos\ESPE\4to y 5to\Gráfica\Código\Videojuego_OpenGL_Depurado\Videojuego_OpenGL_Depurado\main.cpp(1898,24): warning C4305: 'argumento': truncamiento de 'double' a 'GLfloat'
C:\Users\alexi\OneDrive\Documentos\ESPE\4to y 5to\Gráfica\Código\Videojuego_OpenGL_Depurado\Videojuego_OpenGL_Depurado\main.cpp(1898,19): warning C4305: 'argumento': truncamiento de 'double' a 'GLfloat'
C:\Users\alexi\OneDrive\Documentos\ESPE\4to y 5to\Gráfica\Código\Videojuego_OpenGL_Depurado\Videojuego_OpenGL_Depurado\main.cpp(1904,24): warning C4305: 'argumento': truncamiento de 'double' a 'GLfloat'
C:\Users\alexi\OneDrive\Documentos\ESPE\4to y 5to\Gráfica\Código\Videojuego_OpenGL_Depurado\Videojuego_OpenGL_Depurado\main.cpp(1904,19): warning C4305: 'argumento': truncamiento de 'double' a 'GLfloat'
C:\Users\alexi\OneDrive\Documentos\ESPE\4to y 5to\Gráfica\Código\Videojuego_OpenGL_Depurado\Videojuego_OpenGL_Depurado\main.cpp(1910,19): warning C4305: 'argumento': truncamiento de 'double' a 'GLfloat'
C:\Users\alexi\OneDrive\Documentos\ESPE\4to y 5to\Gráfica\Código\Videojuego_OpenGL_Depurado\Videojuego_OpenGL_Depurado\main.cpp(1910,14): warning C4305: 'argumento': truncamiento de 'double' a 'GLfloat'
C:\Users\alexi\OneDrive\Documentos\ESPE\4to y 5to\Gráfica\Código\Videojuego_OpenGL_Depurado\Videojuego_OpenGL_Depurado\main.cpp(1916,19): warning C4305: 'argumento': truncamiento de 'double' a 'GLfloat'
C:\Users\alexi\OneDrive\Documentos\ESPE\4to y 5to\Gráfica\Código\Videojuego_OpenGL_Depurado\Videojuego_OpenGL_Depurado\main.cpp(1916,14): warning C4305: 'argumento': truncamiento de 'double' a 'GLfloat'
C:\Users\alexi\OneDrive\Documentos\ESPE\4to y 5to\Gráfica\Código\Videojuego_OpenGL_Depurado\Videojuego_OpenGL_Depurado\main.cpp(1922,19): warning C4305: 'argumento': truncamiento de 'double' a 'GLfloat'
C:\Users\alexi\OneDrive\Documentos\ESPE\4to y 5to\Gráfica\Código\Videojuego_OpenGL_Depurado\Videojuego_OpenGL_Depurado\main.cpp(1922,14): warning C4305: 'argumento': truncamiento de 'double' a 'GLfloat'
C:\Users\alexi\OneDrive\Documentos\ESPE\4to y 5to\Gráfica\Código\Videojuego_OpenGL_Depurado\Videojuego_OpenGL_Depurado\main.cpp(1928,19): warning C4305: 'argumento': truncamiento de 'double' a 'GLfloat'
C:\Users\alexi\OneDrive\Documentos\ESPE\4to y 5to\Gráfica\Código\Videojuego_OpenGL_Depurado\Videojuego_OpenGL_Depurado\main.cpp(1928,14): warning C4305: 'argumento': truncamiento de 'double' a 'GLfloat'
C:\Users\alexi\OneDrive\Documentos\ESPE\4to y 5to\Gráfica\Código\Videojuego_OpenGL_Depurado\Videojuego_OpenGL_Depurado\main.cpp(1936,19): warning C4305: 'argumento': truncamiento de 'double' a 'GLfloat'
C:\Users\alexi\OneDrive\Documentos\ESPE\4to y 5to\Gráfica\Código\Videojuego_OpenGL_Depurado\Videojuego_OpenGL_Depurado\main.cpp(1936,14): warning C4305: 'argumento': truncamiento de 'double' a 'GLfloat'
C:\Users\alexi\OneDrive\Documentos\ESPE\4to y 5to\Gráfica\Código\Videojuego_OpenGL_Depurado\Videojuego_OpenGL_Depurado\main.cpp(1942,19): warning C4305: 'argumento': truncamiento de 'double' a 'GLfloat'
C:\Users\alexi\OneDrive\Documentos\ESPE\4to y 5to\Gráfica\Código\Videojuego_OpenGL_Depurado\Videojuego_OpenGL_Depurado\main.cpp(1942,14): warning C4305: 'argumento': truncamiento de 'double' a 'GLfloat'
C:\Users\alexi\OneDrive\Documentos\ESPE\4to y 5to\Gráfica\Código\Videojuego_OpenGL_Depurado\Videojuego_OpenGL_Depurado\main.cpp(1949,19): warning C4305: 'argumento': truncamiento de 'double' a 'GLfloat'
C:\Users\alexi\OneDrive\Documentos\ESPE\4to y 5to\Gráfica\Código\Videojuego_OpenGL_Depurado\Videojuego_OpenGL_Depurado\main.cpp(1949,14): warning C4305: 'argumento': truncamiento de 'double' a 'GLfloat'
C:\Users\alexi\OneDrive\Documentos\ESPE\4to y 5to\Gráfica\Código\Videojuego_OpenGL_Depurado\Videojuego_OpenGL_Depurado\main.cpp(1956,19): warning C4305: 'argumento': truncamiento de 'double' a 'GLfloat'
C:\Users\alexi\OneDrive\Documentos\ESPE\4to y 5to\Gráfica\Código\Videojuego_OpenGL_Depurado\Videojuego_OpenGL_Depurado\main.cpp(1956,14): warning C4305: 'argumento': truncamiento de 'double' a 'GLfloat'
C:\Users\alexi\OneDrive\Documentos\ESPE\4to y 5to\Gráfica\Código\Videojuego_OpenGL_Depurado\Videojuego_OpenGL_Depurado\main.cpp(1973,30): warning C4305: 'inicializando': truncamiento de 'double' a 'GLfloat'
C:\Users\alexi\OneDrive\Documentos\ESPE\4to y 5to\Gráfica\Código\Videojuego_OpenGL_Depurado\Videojuego_OpenGL_Depurado\main.cpp(1973,36): warning C4305: 'inicializando': truncamiento de 'double' a 'GLfloat'
C:\Users\alexi\OneDrive\Documentos\ESPE\4to y 5to\Gráfica\Código\Videojuego_OpenGL_Depurado\Videojuego_OpenGL_Depurado\main.cpp(1973,41): warning C4305: 'inicializando': truncamiento de 'double' a 'GLfloat'
C:\Users\alexi\OneDrive\Documentos\ESPE\4to y 5to\Gráfica\Código\Videojuego_OpenGL_Depurado\Videojuego_OpenGL_Depurado\main.cpp(2133,37): warning C4305: 'inicializando': truncamiento de 'double' a 'GLfloat'
C:\Users\alexi\OneDrive\Documentos\ESPE\4to y 5to\Gráfica\Código\Videojuego_OpenGL_Depurado\Videojuego_OpenGL_Depurado\main.cpp(2135,25): warning C4305: 'argumento': truncamiento de 'double' a 'GLfloat'
C:\Users\alexi\OneDrive\Documentos\ESPE\4to y 5to\Gráfica\Código\Videojuego_OpenGL_Depurado\Videojuego_OpenGL_Depurado\main.cpp(2135,20): warning C4305: 'argumento': truncamiento de 'double' a 'GLfloat'
C:\Users\alexi\OneDrive\Documentos\ESPE\4to y 5to\Gráfica\Código\Videojuego_OpenGL_Depurado\Videojuego_OpenGL_Depurado\main.cpp(2135,15): warning C4305: 'argumento': truncamiento de 'double' a 'GLfloat'
C:\Users\alexi\OneDrive\Documentos\ESPE\4to y 5to\Gráfica\Código\Videojuego_OpenGL_Depurado\Videojuego_OpenGL_Depurado\main.cpp(2153,24): warning C4305: 'argumento': truncamiento de 'double' a 'GLfloat'
C:\Users\alexi\OneDrive\Documentos\ESPE\4to y 5to\Gráfica\Código\Videojuego_OpenGL_Depurado\Videojuego_OpenGL_Depurado\main.cpp(2153,19): warning C4305: 'argumento': truncamiento de 'double' a 'GLfloat'
C:\Users\alexi\OneDrive\Documentos\ESPE\4to y 5to\Gráfica\Código\Videojuego_OpenGL_Depurado\Videojuego_OpenGL_Depurado\main.cpp(2153,14): warning C4305: 'argumento': truncamiento de 'double' a 'GLfloat'
C:\Users\alexi\OneDrive\Documentos\ESPE\4to y 5to\Gráfica\Código\Videojuego_OpenGL_Depurado\Videojuego_OpenGL_Depurado\main.cpp(2177,30): warning C4305: 'inicializando': truncamiento de 'double' a 'GLfloat'
C:\Users\alexi\OneDrive\Documentos\ESPE\4to y 5to\Gráfica\Código\Videojuego_OpenGL_Depurado\Videojuego_OpenGL_Depurado\main.cpp(2177,35): warning C4305: 'inicializando': truncamiento de 'double' a 'GLfloat'
C:\Users\alexi\OneDrive\Documentos\ESPE\4to y 5to\Gráfica\Código\Videojuego_OpenGL_Depurado\Videojuego_OpenGL_Depurado\main.cpp(2177,40): warning C4305: 'inicializando': truncamiento de 'double' a 'GLfloat'
C:\Users\alexi\OneDrive\Documentos\ESPE\4to y 5to\Gráfica\Código\Videojuego_OpenGL_Depurado\Videojuego_OpenGL_Depurado\main.cpp(2177,45): warning C4305: 'inicializando': truncamiento de 'double' a 'GLfloat'
C:\Users\alexi\OneDrive\Documentos\ESPE\4to y 5to\Gráfica\Código\Videojuego_OpenGL_Depurado\Videojuego_OpenGL_Depurado\main.cpp(2187,21): warning C4244: 'inicializando': conversión de 'double' a 'float'; posible pérdida de datos
C:\Users\alexi\OneDrive\Documentos\ESPE\4to y 5to\Gráfica\Código\Videojuego_OpenGL_Depurado\Videojuego_OpenGL_Depurado\main.cpp(2206,30): warning C4244: '+=': conversión de 'double' a 'float'; posible pérdida de datos
C:\Users\alexi\OneDrive\Documentos\ESPE\4to y 5to\Gráfica\Código\Videojuego_OpenGL_Depurado\Videojuego_OpenGL_Depurado\main.cpp(2207,30): warning C4244: '+=': conversión de 'double' a 'float'; posible pérdida de datos
C:\Users\alexi\OneDrive\Documentos\ESPE\4to y 5to\Gráfica\Código\Videojuego_OpenGL_Depurado\Videojuego_OpenGL_Depurado\main.cpp(2208,44): warning C4244: '=': conversión de 'double' a 'float'; posible pérdida de datos
C:\Users\alexi\OneDrive\Documentos\ESPE\4to y 5to\Gráfica\Código\Videojuego_OpenGL_Depurado\Videojuego_OpenGL_Depurado\main.cpp(2228,22): warning C4244: 'inicializando': conversión de 'double' a 'GLfloat'; posible pérdida de datos
C:\Users\alexi\OneDrive\Documentos\ESPE\4to y 5to\Gráfica\Código\Videojuego_OpenGL_Depurado\Videojuego_OpenGL_Depurado\main.cpp(2230,22): warning C4244: 'inicializando': conversión de 'double' a 'GLfloat'; posible pérdida de datos
C:\Users\alexi\OneDrive\Documentos\ESPE\4to y 5to\Gráfica\Código\Videojuego_OpenGL_Depurado\Videojuego_OpenGL_Depurado\main.cpp(2233,22): warning C4244: 'inicializando': conversión de 'double' a 'GLfloat'; posible pérdida de datos
C:\Users\alexi\OneDrive\Documentos\ESPE\4to y 5to\Gráfica\Código\Videojuego_OpenGL_Depurado\Videojuego_OpenGL_Depurado\main.cpp(2234,22): warning C4244: 'inicializando': conversión de 'double' a 'GLfloat'; posible pérdida de datos
C:\Users\alexi\OneDrive\Documentos\ESPE\4to y 5to\Gráfica\Código\Videojuego_OpenGL_Depurado\Videojuego_OpenGL_Depurado\main.cpp(2235,22): warning C4244: 'inicializando': conversión de 'double' a 'GLfloat'; posible pérdida de datos
C:\Users\alexi\OneDrive\Documentos\ESPE\4to y 5to\Gráfica\Código\Videojuego_OpenGL_Depurado\Videojuego_OpenGL_Depurado\main.cpp(2242,30): warning C4305: 'inicializando': truncamiento de 'double' a 'GLfloat'
C:\Users\alexi\OneDrive\Documentos\ESPE\4to y 5to\Gráfica\Código\Videojuego_OpenGL_Depurado\Videojuego_OpenGL_Depurado\main.cpp(2242,35): warning C4305: 'inicializando': truncamiento de 'double' a 'GLfloat'
C:\Users\alexi\OneDrive\Documentos\ESPE\4to y 5to\Gráfica\Código\Videojuego_OpenGL_Depurado\Videojuego_OpenGL_Depurado\main.cpp(2242,40): warning C4305: 'inicializando': truncamiento de 'double' a 'GLfloat'
C:\Users\alexi\OneDrive\Documentos\ESPE\4to y 5to\Gráfica\Código\Videojuego_OpenGL_Depurado\Videojuego_OpenGL_Depurado\main.cpp(2244,25): warning C4305: 'argumento': truncamiento de 'double' a 'GLfloat'
C:\Users\alexi\OneDrive\Documentos\ESPE\4to y 5to\Gráfica\Código\Videojuego_OpenGL_Depurado\Videojuego_OpenGL_Depurado\main.cpp(2244,20): warning C4305: 'argumento': truncamiento de 'double' a 'GLfloat'
C:\Users\alexi\OneDrive\Documentos\ESPE\4to y 5to\Gráfica\Código\Videojuego_OpenGL_Depurado\Videojuego_OpenGL_Depurado\main.cpp(2244,15): warning C4305: 'argumento': truncamiento de 'double' a 'GLfloat'
C:\Users\alexi\OneDrive\Documentos\ESPE\4to y 5to\Gráfica\Código\Videojuego_OpenGL_Depurado\Videojuego_OpenGL_Depurado\main.cpp(2259,30): warning C4305: 'inicializando': truncamiento de 'double' a 'GLfloat'
C:\Users\alexi\OneDrive\Documentos\ESPE\4to y 5to\Gráfica\Código\Videojuego_OpenGL_Depurado\Videojuego_OpenGL_Depurado\main.cpp(2259,35): warning C4305: 'inicializando': truncamiento de 'double' a 'GLfloat'
C:\Users\alexi\OneDrive\Documentos\ESPE\4to y 5to\Gráfica\Código\Videojuego_OpenGL_Depurado\Videojuego_OpenGL_Depurado\main.cpp(2259,40): warning C4305: 'inicializando': truncamiento de 'double' a 'GLfloat'
C:\Users\alexi\OneDrive\Documentos\ESPE\4to y 5to\Gráfica\Código\Videojuego_OpenGL_Depurado\Videojuego_OpenGL_Depurado\main.cpp(2351,38): warning C4305: 'argumento': truncamiento de 'double' a 'GLclampf'
C:\Users\alexi\OneDrive\Documentos\ESPE\4to y 5to\Gráfica\Código\Videojuego_OpenGL_Depurado\Videojuego_OpenGL_Depurado\main.cpp(2351,32): warning C4305: 'argumento': truncamiento de 'double' a 'GLclampf'
C:\Users\alexi\OneDrive\Documentos\ESPE\4to y 5to\Gráfica\Código\Videojuego_OpenGL_Depurado\Videojuego_OpenGL_Depurado\main.cpp(2351,26): warning C4305: 'argumento': truncamiento de 'double' a 'GLclampf'
C:\Users\alexi\OneDrive\Documentos\ESPE\4to y 5to\Gráfica\Código\Videojuego_OpenGL_Depurado\Videojuego_OpenGL_Depurado\main.cpp(2354,38): warning C4305: 'inicializando': truncamiento de 'double' a 'GLfloat'
C:\Users\alexi\OneDrive\Documentos\ESPE\4to y 5to\Gráfica\Código\Videojuego_OpenGL_Depurado\Videojuego_OpenGL_Depurado\main.cpp(2354,44): warning C4305: 'inicializando': truncamiento de 'double' a 'GLfloat'
C:\Users\alexi\OneDrive\Documentos\ESPE\4to y 5to\Gráfica\Código\Videojuego_OpenGL_Depurado\Videojuego_OpenGL_Depurado\main.cpp(2354,50): warning C4305: 'inicializando': truncamiento de 'double' a 'GLfloat'
C:\Users\alexi\OneDrive\Documentos\ESPE\4to y 5to\Gráfica\Código\Videojuego_OpenGL_Depurado\Videojuego_OpenGL_Depurado\main.cpp(2356,35): warning C4305: 'argumento': truncamiento de 'double' a 'GLfloat'
C:\Users\alexi\OneDrive\Documentos\ESPE\4to y 5to\Gráfica\Código\Videojuego_OpenGL_Depurado\Videojuego_OpenGL_Depurado\main.cpp(2356,29): warning C4305: 'argumento': truncamiento de 'double' a 'GLfloat'
C:\Users\alexi\OneDrive\Documentos\ESPE\4to y 5to\Gráfica\Código\Videojuego_OpenGL_Depurado\Videojuego_OpenGL_Depurado\main.cpp(2356,23): warning C4305: 'argumento': truncamiento de 'double' a 'GLfloat'
C:\Users\alexi\OneDrive\Documentos\ESPE\4to y 5to\Gráfica\Código\Videojuego_OpenGL_Depurado\Videojuego_OpenGL_Depurado\main.cpp(2394,43): warning C4305: 'inicializando': truncamiento de 'double' a 'GLfloat'
C:\Users\alexi\OneDrive\Documentos\ESPE\4to y 5to\Gráfica\Código\Videojuego_OpenGL_Depurado\Videojuego_OpenGL_Depurado\main.cpp(2394,49): warning C4305: 'inicializando': truncamiento de 'double' a 'GLfloat'
C:\Users\alexi\OneDrive\Documentos\ESPE\4to y 5to\Gráfica\Código\Videojuego_OpenGL_Depurado\Videojuego_OpenGL_Depurado\main.cpp(2394,55): warning C4305: 'inicializando': truncamiento de 'double' a 'GLfloat'
C:\Users\alexi\OneDrive\Documentos\ESPE\4to y 5to\Gráfica\Código\Videojuego_OpenGL_Depurado\Videojuego_OpenGL_Depurado\main.cpp(2396,35): warning C4305: 'argumento': truncamiento de 'double' a 'GLfloat'
C:\Users\alexi\OneDrive\Documentos\ESPE\4to y 5to\Gráfica\Código\Videojuego_OpenGL_Depurado\Videojuego_OpenGL_Depurado\main.cpp(2396,29): warning C4305: 'argumento': truncamiento de 'double' a 'GLfloat'
C:\Users\alexi\OneDrive\Documentos\ESPE\4to y 5to\Gráfica\Código\Videojuego_OpenGL_Depurado\Videojuego_OpenGL_Depurado\main.cpp(2396,23): warning C4305: 'argumento': truncamiento de 'double' a 'GLfloat'
C:\Users\alexi\OneDrive\Documentos\ESPE\4to y 5to\Gráfica\Código\Videojuego_OpenGL_Depurado\Videojuego_OpenGL_Depurado\main.cpp(2399,43): warning C4305: 'inicializando': truncamiento de 'double' a 'GLfloat'
C:\Users\alexi\OneDrive\Documentos\ESPE\4to y 5to\Gráfica\Código\Videojuego_OpenGL_Depurado\Videojuego_OpenGL_Depurado\main.cpp(2399,48): warning C4305: 'inicializando': truncamiento de 'double' a 'GLfloat'
C:\Users\alexi\OneDrive\Documentos\ESPE\4to y 5to\Gráfica\Código\Videojuego_OpenGL_Depurado\Videojuego_OpenGL_Depurado\main.cpp(2399,53): warning C4305: 'inicializando': truncamiento de 'double' a 'GLfloat'
C:\Users\alexi\OneDrive\Documentos\ESPE\4to y 5to\Gráfica\Código\Videojuego_OpenGL_Depurado\Videojuego_OpenGL_Depurado\main.cpp(2402,33): warning C4305: 'argumento': truncamiento de 'double' a 'GLfloat'
C:\Users\alexi\OneDrive\Documentos\ESPE\4to y 5to\Gráfica\Código\Videojuego_OpenGL_Depurado\Videojuego_OpenGL_Depurado\main.cpp(2402,23): warning C4305: 'argumento': truncamiento de 'double' a 'GLfloat'
C:\Users\alexi\OneDrive\Documentos\ESPE\4to y 5to\Gráfica\Código\Videojuego_OpenGL_Depurado\Videojuego_OpenGL_Depurado\main.cpp(2405,45): warning C4305: 'inicializando': truncamiento de 'double' a 'GLfloat'
C:\Users\alexi\OneDrive\Documentos\ESPE\4to y 5to\Gráfica\Código\Videojuego_OpenGL_Depurado\Videojuego_OpenGL_Depurado\main.cpp(2405,51): warning C4305: 'inicializando': truncamiento de 'double' a 'GLfloat'
C:\Users\alexi\OneDrive\Documentos\ESPE\4to y 5to\Gráfica\Código\Videojuego_OpenGL_Depurado\Videojuego_OpenGL_Depurado\main.cpp(2405,57): warning C4305: 'inicializando': truncamiento de 'double' a 'GLfloat'
C:\Users\alexi\OneDrive\Documentos\ESPE\4to y 5to\Gráfica\Código\Videojuego_OpenGL_Depurado\Videojuego_OpenGL_Depurado\main.cpp(2408,35): warning C4305: 'argumento': truncamiento de 'double' a 'GLfloat'
C:\Users\alexi\OneDrive\Documentos\ESPE\4to y 5to\Gráfica\Código\Videojuego_OpenGL_Depurado\Videojuego_OpenGL_Depurado\main.cpp(2408,29): warning C4305: 'argumento': truncamiento de 'double' a 'GLfloat'
C:\Users\alexi\OneDrive\Documentos\ESPE\4to y 5to\Gráfica\Código\Videojuego_OpenGL_Depurado\Videojuego_OpenGL_Depurado\main.cpp(2408,23): warning C4305: 'argumento': truncamiento de 'double' a 'GLfloat'
C:\Users\alexi\OneDrive\Documentos\ESPE\4to y 5to\Gráfica\Código\Videojuego_OpenGL_Depurado\Videojuego_OpenGL_Depurado\main.cpp(2411,49): warning C4305: 'inicializando': truncamiento de 'double' a 'GLfloat'
C:\Users\alexi\OneDrive\Documentos\ESPE\4to y 5to\Gráfica\Código\Videojuego_OpenGL_Depurado\Videojuego_OpenGL_Depurado\main.cpp(2414,28): warning C4305: 'argumento': truncamiento de 'double' a 'GLfloat'
C:\Users\alexi\OneDrive\Documentos\ESPE\4to y 5to\Gráfica\Código\Videojuego_OpenGL_Depurado\Videojuego_OpenGL_Depurado\main.cpp(2453,38): warning C4305: 'inicializando': truncamiento de 'double' a 'GLfloat'
C:\Users\alexi\OneDrive\Documentos\ESPE\4to y 5to\Gráfica\Código\Videojuego_OpenGL_Depurado\Videojuego_OpenGL_Depurado\main.cpp(2453,44): warning C4305: 'inicializando': truncamiento de 'double' a 'GLfloat'
C:\Users\alexi\OneDrive\Documentos\ESPE\4to y 5to\Gráfica\Código\Videojuego_OpenGL_Depurado\Videojuego_OpenGL_Depurado\main.cpp(2453,50): warning C4305: 'inicializando': truncamiento de 'double' a 'GLfloat'
C:\Users\alexi\OneDrive\Documentos\ESPE\4to y 5to\Gráfica\Código\Videojuego_OpenGL_Depurado\Videojuego_OpenGL_Depurado\main.cpp(2455,35): warning C4305: 'argumento': truncamiento de 'double' a 'GLfloat'
C:\Users\alexi\OneDrive\Documentos\ESPE\4to y 5to\Gráfica\Código\Videojuego_OpenGL_Depurado\Videojuego_OpenGL_Depurado\main.cpp(2455,29): warning C4305: 'argumento': truncamiento de 'double' a 'GLfloat'
C:\Users\alexi\OneDrive\Documentos\ESPE\4to y 5to\Gráfica\Código\Videojuego_OpenGL_Depurado\Videojuego_OpenGL_Depurado\main.cpp(2455,23): warning C4305: 'argumento': truncamiento de 'double' a 'GLfloat'
C:\Users\alexi\OneDrive\Documentos\ESPE\4to y 5to\Gráfica\Código\Videojuego_OpenGL_Depurado\Videojuego_OpenGL_Depurado\main.cpp(2550,38): warning C4305: 'inicializando': truncamiento de 'double' a 'GLfloat'
C:\Users\alexi\OneDrive\Documentos\ESPE\4to y 5to\Gráfica\Código\Videojuego_OpenGL_Depurado\Videojuego_OpenGL_Depurado\main.cpp(2550,43): warning C4305: 'inicializando': truncamiento de 'double' a 'GLfloat'
C:\Users\alexi\OneDrive\Documentos\ESPE\4to y 5to\Gráfica\Código\Videojuego_OpenGL_Depurado\Videojuego_OpenGL_Depurado\main.cpp(2550,48): warning C4305: 'inicializando': truncamiento de 'double' a 'GLfloat'
C:\Users\alexi\OneDrive\Documentos\ESPE\4to y 5to\Gráfica\Código\Videojuego_OpenGL_Depurado\Videojuego_OpenGL_Depurado\main.cpp(2571,19): warning C4244: 'inicializando': conversión de 'double' a 'GLfloat'; posible pérdida de datos
C:\Users\alexi\OneDrive\Documentos\ESPE\4to y 5to\Gráfica\Código\Videojuego_OpenGL_Depurado\Videojuego_OpenGL_Depurado\main.cpp(2573,31): warning C4244: '=': conversión de 'double' a 'GLfloat'; posible pérdida de datos
C:\Users\alexi\OneDrive\Documentos\ESPE\4to y 5to\Gráfica\Código\Videojuego_OpenGL_Depurado\Videojuego_OpenGL_Depurado\main.cpp(2574,31): warning C4244: '=': conversión de 'double' a 'GLfloat'; posible pérdida de datos
C:\Users\alexi\OneDrive\Documentos\ESPE\4to y 5to\Gráfica\Código\Videojuego_OpenGL_Depurado\Videojuego_OpenGL_Depurado\main.cpp(2576,28): warning C4244: '=': conversión de 'double' a 'GLfloat'; posible pérdida de datos
C:\Users\alexi\OneDrive\Documentos\ESPE\4to y 5to\Gráfica\Código\Videojuego_OpenGL_Depurado\Videojuego_OpenGL_Depurado\main.cpp(2577,28): warning C4244: '=': conversión de 'double' a 'GLfloat'; posible pérdida de datos
C:\Users\alexi\OneDrive\Documentos\ESPE\4to y 5to\Gráfica\Código\Videojuego_OpenGL_Depurado\Videojuego_OpenGL_Depurado\main.cpp(2687,30): warning C4244: '+=': conversión de 'double' a 'float'; posible pérdida de datos
C:\Users\alexi\OneDrive\Documentos\ESPE\4to y 5to\Gráfica\Código\Videojuego_OpenGL_Depurado\Videojuego_OpenGL_Depurado\main.cpp(2688,30): warning C4244: '+=': conversión de 'double' a 'float'; posible pérdida de datos
C:\Users\alexi\OneDrive\Documentos\ESPE\4to y 5to\Gráfica\Código\Videojuego_OpenGL_Depurado\Videojuego_OpenGL_Depurado\main.cpp(2709,37): warning C4244: '=': conversión de 'double' a 'GLfloat'; posible pérdida de datos
C:\Users\alexi\OneDrive\Documentos\ESPE\4to y 5to\Gráfica\Código\Videojuego_OpenGL_Depurado\Videojuego_OpenGL_Depurado\main.cpp(2710,37): warning C4244: '=': conversión de 'double' a 'GLfloat'; posible pérdida de datos
C:\Users\alexi\OneDrive\Documentos\ESPE\4to y 5to\Gráfica\Código\Videojuego_OpenGL_Depurado\Videojuego_OpenGL_Depurado\main.cpp(2719,37): warning C4244: '=': conversión de 'double' a 'GLfloat'; posible pérdida de datos
C:\Users\alexi\OneDrive\Documentos\ESPE\4to y 5to\Gráfica\Código\Videojuego_OpenGL_Depurado\Videojuego_OpenGL_Depurado\main.cpp(2720,37): warning C4244: '=': conversión de 'double' a 'GLfloat'; posible pérdida de datos
C:\Users\alexi\OneDrive\Documentos\ESPE\4to y 5to\Gráfica\Código\Videojuego_OpenGL_Depurado\Videojuego_OpenGL_Depurado\main.cpp(2728,37): warning C4244: '=': conversión de 'double' a 'GLfloat'; posible pérdida de datos
C:\Users\alexi\OneDrive\Documentos\ESPE\4to y 5to\Gráfica\Código\Videojuego_OpenGL_Depurado\Videojuego_OpenGL_Depurado\main.cpp(2729,37): warning C4244: '=': conversión de 'double' a 'GLfloat'; posible pérdida de datos
C:\Users\alexi\OneDrive\Documentos\ESPE\4to y 5to\Gráfica\Código\Videojuego_OpenGL_Depurado\Videojuego_OpenGL_Depurado\main.cpp(2768,30): warning C4244: '+=': conversión de 'double' a 'float'; posible pérdida de datos
C:\Users\alexi\OneDrive\Documentos\ESPE\4to y 5to\Gráfica\Código\Videojuego_OpenGL_Depurado\Videojuego_OpenGL_Depurado\main.cpp(2769,30): warning C4244: '+=': conversión de 'double' a 'float'; posible pérdida de datos
C:\Users\alexi\OneDrive\Documentos\ESPE\4to y 5to\Gráfica\Código\Videojuego_OpenGL_Depurado\Videojuego_OpenGL_Depurado\main.cpp(2770,44): warning C4244: '=': conversión de 'double' a 'float'; posible pérdida de datos
C:\Users\alexi\OneDrive\Documentos\ESPE\4to y 5to\Gráfica\Código\Videojuego_OpenGL_Depurado\Videojuego_OpenGL_Depurado\main.cpp(2814,36): warning C4267: 'inicializando': conversión de 'size_t' a 'int'; posible pérdida de datos
C:\Users\alexi\OneDrive\Documentos\ESPE\4to y 5to\Gráfica\Código\Videojuego_OpenGL_Depurado\Videojuego_OpenGL_Depurado\main.cpp(2890,36): warning C4267: 'inicializando': conversión de 'size_t' a 'int'; posible pérdida de datos
  Videojuego_OpenGL_Depurado.vcxproj -> C:\Users\alexi\OneDrive\Documentos\ESPE\4to y 5to\Gráfica\Código\Videojuego_OpenGL_Depurado\x64\Debug\Videojuego_OpenGL_Depurado.exe
